<?xml version="1.0" encoding="UTF-8"?>
<!-- Generated by org.testng.reporters.JUnitReportReporter -->
<testsuite hostname="DESKTOP-KVMJ3ET" failures="0" tests="1" name="com.hrms.testscripts.TC002" time="14.779" errors="0" timestamp="2022-11-13T20:17:57 IST" skipped="0">
  <testcase classname="com.hrms.testscripts.TC002" name="tc002" time="14.779"/>
  <system-out>
    <![CDATA[Application opened]]>
  </system-out>
</testsuite> <!-- com.hrms.testscripts.TC002 -->
