<?xml version="1.0" encoding="UTF-8"?>
<!-- Generated by org.testng.reporters.JUnitReportReporter -->
<testsuite hostname="DESKTOP-KVMJ3ET" failures="0" tests="1" name="com.hrms.testscripts.TC001" time="3.969" errors="0" timestamp="2022-11-12T17:30:54 IST" skipped="0">
  <testcase classname="com.hrms.testscripts.TC001" name="tc001" time="3.969"/>
  <system-out>
    <![CDATA[Application opened]]>
  </system-out>
</testsuite> <!-- com.hrms.testscripts.TC001 -->
